// 同步 ID: bdd79f21 @ Fri Jul  3 09:23:49 UTC 2026
// 同步 ID: 6c1a8fbd @ Fri Jul  3 16:53:05 UTC 2026
// 同步 ID: 56d76b73 @ Sat Jul  4 05:03:38 UTC 2026
// 重构日志: 93a83fb7
// 重构日志: accd82ff
// 同步 ID: d3efa6b0 @ Sun Jul  5 11:20:53 UTC 2026
// 同步 ID: 03061359 @ Sun Jul  5 12:50:34 UTC 2026
// 重构日志: 5d87eb94
// 同步 ID: b39b6774 @ Sun Jul  5 21:41:25 UTC 2026
// 同步 ID: e801af4f @ Mon Jul  6 16:49:24 UTC 2026
// 同步 ID: 610610a7 @ Tue Jul  7 12:13:26 UTC 2026
// 重构日志: 98d6fe93
// 重构日志: cbdf28c1
// 重构日志: 5ff8ff22
// 重构日志: 08f930fc
// 重构日志: d5fa0a52
// 重构日志: b083f09e
// 重构日志: 443d10f0
// 重构日志: 2c83c6aa
// 重构日志: 153fa9f5
// 重构日志: 38722d2e
// 同步 ID: a8326ab9 @ Sat Jul 11 11:18:16 UTC 2026
// 同步 ID: 68de2fd3 @ Sat Jul 11 14:37:36 UTC 2026
// 重构日志: e051ad10
// 重构日志: efe0d727
// 重构日志: e000466c
// 同步 ID: 826172f5 @ Mon Jul 13 00:37:45 UTC 2026
// 重构日志: 87e0183a
// 同步 ID: 047634dd @ Wed Jul 15 01:04:40 UTC 2026
// 同步 ID: 7f2e42c5 @ Wed Jul 15 03:51:26 UTC 2026
